<?xml version="1.0" encoding="UTF-8"?>
<testsuite xmlns:xsi="http://www.w3.org/2001/XMLSchema-instance" xsi:noNamespaceSchemaLocation="https://maven.apache.org/surefire/maven-surefire-plugin/xsd/surefire-test-report-3.0.xsd" version="3.0" name="com.cvut.fel.pjv.Utilities.GameSerializerTest" time="0.619" tests="5" errors="0" skipped="0" failures="0">
  <properties>
[...]
</properties>
  <testcase name="testLoadGame" classname="com.cvut.fel.pjv.Utilities.GameSerializerTest" time="0.6"/>
  <testcase name="testSaveGame" classname="com.cvut.fel.pjv.Utilities.GameSerializerTest" time="0.005"/>
  <testcase name="testAppendToHistory" classname="com.cvut.fel.pjv.Utilities.GameSerializerTest" time="0.001"/>
  <testcase name="testGetLastTurn" classname="com.cvut.fel.pjv.Utilities.GameSerializerTest" time="0.001"/>
  <testcase name="testClearHistory" classname="com.cvut.fel.pjv.Utilities.GameSerializerTest" time="0.0"/>
</testsuite>